This is pdfTeX, Version 3.1415926-1.40.10 (TeX Live 2009/Debian) (format=pdflatex 2014.3.26)  29 MAR 2014 11:33
entering extended mode
 %&-line parsing enabled.
**poster_portrait.tex
(./poster_portrait.tex
LaTeX2e <2009/09/24>
Babel <v3.8l> and hyphenation patterns for english, usenglishmax, dumylang, noh
yphenation, farsi, arabic, croatian, bulgarian, ukrainian, russian, czech, slov
ak, danish, dutch, finnish, french, basque, ngerman, german, german-x-2009-06-1
9, ngerman-x-2009-06-19, ibycus, monogreek, greek, ancientgreek, hungarian, san
skrit, italian, latin, latvian, lithuanian, mongolian2a, mongolian, bokmal, nyn
orsk, romanian, irish, coptic, serbian, turkish, welsh, esperanto, uppersorbian
, estonian, indonesian, interlingua, icelandic, kurmanji, slovenian, polish, po
rtuguese, spanish, galician, catalan, swedish, ukenglish, pinyin, loaded.
(./baposter.cls
Document Class: baposter 2011/11/26 v2.0 baposter class
(/usr/share/texmf-texlive/tex/latex/base/article.cls
Document Class: article 2007/10/19 v1.4h Standard LaTeX document class
(/usr/share/texmf-texlive/tex/latex/base/size10.clo
File: size10.clo 2007/10/19 v1.4h Standard LaTeX file (size option)
)
\c@part=\count79
\c@section=\count80
\c@subsection=\count81
\c@subsubsection=\count82
\c@paragraph=\count83
\c@subparagraph=\count84
\c@figure=\count85
\c@table=\count86
\abovecaptionskip=\skip41
\belowcaptionskip=\skip42
\bibindent=\dimen102
)
baposter: Brian Amberg, 2007, 2008, 2009, 2010, 2011 | http://www.brian-amberg.
de/uni/poster/
baposter: Reinhold Kainhofer, 2011 | http://reinhold.kainhofer.com/
\baposter@basepaperwidth=\skip43
\baposter@basepaperheight=\skip44
\baposter@basemargin=\skip45
\baposter@finalpaperwidth=\skip46
\baposter@finalpaperheight=\skip47
\baposter@finalmargin=\skip48
\headerheight=\skip49
\colwidth=\skip50
\colheight=\skip51
\baposter@@colspacing=\skip52
\baposter@box@@cornerradius=\skip53
\baposter@box@@boxheaderheight=\skip54
\baposter@box@@boxpadding=\skip55
\boxstartx=\skip56
\boxstarty=\skip57
\boxwidth=\skip58
\boxheight=\skip59
\baposter@titleimage@left@width=\skip60
\baposter@titleimage@right@width=\skip61
\baposter@titleimage@textwidth=\skip62
\baposter@box@content=\box26
\baposter@titleimage@left=\box27
\baposter@titleimage@title=\box28
\baposter@titleimage@right=\box29
Use Packages
(/usr/share/texmf-texlive/tex/latex/xkeyval/xkeyval.sty
Package: xkeyval 2008/08/13 v2.6a package option processing (HA)

(/usr/share/texmf-texlive/tex/generic/xkeyval/xkeyval.tex
\XKV@toks=\toks14
\XKV@tempa@toks=\toks15
\XKV@depth=\count87
File: xkeyval.tex 2008/08/13 v2.6a key=value parser (HA)

(/usr/share/texmf-texlive/tex/generic/xkeyval/keyval.tex)))
(/usr/share/texmf-texlive/tex/latex/tools/calc.sty
Package: calc 2007/08/22 v4.3 Infix arithmetic (KKT,FJ)
\calc@Acount=\count88
\calc@Bcount=\count89
\calc@Adimen=\dimen103
\calc@Bdimen=\dimen104
\calc@Askip=\skip63
\calc@Bskip=\skip64
LaTeX Info: Redefining \setlength on input line 76.
LaTeX Info: Redefining \addtolength on input line 77.
\calc@Ccount=\count90
\calc@Cskip=\skip65
)
(/usr/share/texmf/tex/latex/xcolor/xcolor.sty
Package: xcolor 2007/01/21 v2.11 LaTeX color extensions (UK)

(/etc/texmf/tex/latex/config/color.cfg
File: color.cfg 2007/01/18 v1.5 color configuration of teTeX/TeXLive
)
Package xcolor Info: Driver file: pdftex.def on input line 225.

(/usr/share/texmf-texlive/tex/latex/pdftex-def/pdftex.def
File: pdftex.def 2010/03/12 v0.04p Graphics/color for pdfTeX
\Gread@gobject=\count91
)
Package xcolor Info: Model `cmy' substituted by `cmy0' on input line 1337.
Package xcolor Info: Model `hsb' substituted by `rgb' on input line 1341.
Package xcolor Info: Model `RGB' extended on input line 1353.
Package xcolor Info: Model `HTML' substituted by `rgb' on input line 1355.
Package xcolor Info: Model `Hsb' substituted by `hsb' on input line 1356.
Package xcolor Info: Model `tHsb' substituted by `hsb' on input line 1357.
Package xcolor Info: Model `HSB' substituted by `hsb' on input line 1358.
Package xcolor Info: Model `Gray' substituted by `gray' on input line 1359.
Package xcolor Info: Model `wave' substituted by `hsb' on input line 1360.
)
(/usr/share/texmf/tex/latex/pgf/frontendlayer/tikz.sty
(/usr/share/texmf/tex/latex/pgf/basiclayer/pgf.sty
(/usr/share/texmf/tex/latex/pgf/utilities/pgfrcs.sty
(/usr/share/texmf/tex/generic/pgf/utilities/pgfutil-common.tex
\pgfutil@everybye=\toks16
)
(/usr/share/texmf/tex/generic/pgf/utilities/pgfutil-latex.def
\pgfutil@abb=\box30

(/usr/share/texmf-texlive/tex/latex/ms/everyshi.sty
Package: everyshi 2001/05/15 v3.00 EveryShipout Package (MS)
))
(/usr/share/texmf/tex/generic/pgf/utilities/pgfrcs.code.tex
Package: pgfrcs 2010/10/25 v2.10 (rcs-revision 1.24)
))
Package: pgf 2008/01/15 v2.10 (rcs-revision 1.12)

(/usr/share/texmf/tex/latex/pgf/basiclayer/pgfcore.sty
(/usr/share/texmf-texlive/tex/latex/graphics/graphicx.sty
Package: graphicx 1999/02/16 v1.0f Enhanced LaTeX Graphics (DPC,SPQR)

(/usr/share/texmf-texlive/tex/latex/graphics/graphics.sty
Package: graphics 2009/02/05 v1.0o Standard LaTeX Graphics (DPC,SPQR)

(/usr/share/texmf-texlive/tex/latex/graphics/trig.sty
Package: trig 1999/03/16 v1.09 sin cos tan (DPC)
)
(/etc/texmf/tex/latex/config/graphics.cfg
File: graphics.cfg 2009/08/28 v1.8 graphics configuration of TeX Live
)
Package graphics Info: Driver file: pdftex.def on input line 91.
)
\Gin@req@height=\dimen105
\Gin@req@width=\dimen106
)
(/usr/share/texmf/tex/latex/pgf/systemlayer/pgfsys.sty
(/usr/share/texmf/tex/generic/pgf/systemlayer/pgfsys.code.tex
Package: pgfsys 2010/06/30 v2.10 (rcs-revision 1.37)

(/usr/share/texmf/tex/generic/pgf/utilities/pgfkeys.code.tex
\pgfkeys@pathtoks=\toks17
\pgfkeys@temptoks=\toks18

(/usr/share/texmf/tex/generic/pgf/utilities/pgfkeysfiltered.code.tex
\pgfkeys@tmptoks=\toks19
))
\pgf@x=\dimen107
\pgf@y=\dimen108
\pgf@xa=\dimen109
\pgf@ya=\dimen110
\pgf@xb=\dimen111
\pgf@yb=\dimen112
\pgf@xc=\dimen113
\pgf@yc=\dimen114
\w@pgf@writea=\write3
\r@pgf@reada=\read1
\c@pgf@counta=\count92
\c@pgf@countb=\count93
\c@pgf@countc=\count94
\c@pgf@countd=\count95

(/usr/share/texmf/tex/generic/pgf/systemlayer/pgf.cfg
File: pgf.cfg 2008/05/14  (rcs-revision 1.7)
)
Package pgfsys Info: Driver file for pgf: pgfsys-pdftex.def on input line 900.

(/usr/share/texmf/tex/generic/pgf/systemlayer/pgfsys-pdftex.def
File: pgfsys-pdftex.def 2009/05/22  (rcs-revision 1.26)

(/usr/share/texmf/tex/generic/pgf/systemlayer/pgfsys-common-pdf.def
File: pgfsys-common-pdf.def 2008/05/19  (rcs-revision 1.10)
)))
(/usr/share/texmf/tex/generic/pgf/systemlayer/pgfsyssoftpath.code.tex
File: pgfsyssoftpath.code.tex 2008/07/18  (rcs-revision 1.7)
\pgfsyssoftpath@smallbuffer@items=\count96
\pgfsyssoftpath@bigbuffer@items=\count97
)
(/usr/share/texmf/tex/generic/pgf/systemlayer/pgfsysprotocol.code.tex
File: pgfsysprotocol.code.tex 2006/10/16  (rcs-revision 1.4)
))
(/usr/share/texmf/tex/generic/pgf/basiclayer/pgfcore.code.tex
Package: pgfcore 2010/04/11 v2.10 (rcs-revision 1.7)

(/usr/share/texmf/tex/generic/pgf/math/pgfmath.code.tex
(/usr/share/texmf/tex/generic/pgf/math/pgfmathcalc.code.tex
(/usr/share/texmf/tex/generic/pgf/math/pgfmathutil.code.tex)
(/usr/share/texmf/tex/generic/pgf/math/pgfmathparser.code.tex
\pgfmath@dimen=\dimen115
\pgfmath@count=\count98
\pgfmath@box=\box31
\pgfmath@toks=\toks20
\pgfmath@stack@operand=\toks21
\pgfmath@stack@operation=\toks22
)
(/usr/share/texmf/tex/generic/pgf/math/pgfmathfunctions.code.tex
(/usr/share/texmf/tex/generic/pgf/math/pgfmathfunctions.basic.code.tex)
(/usr/share/texmf/tex/generic/pgf/math/pgfmathfunctions.trigonometric.code.tex)
(/usr/share/texmf/tex/generic/pgf/math/pgfmathfunctions.random.code.tex)
(/usr/share/texmf/tex/generic/pgf/math/pgfmathfunctions.comparison.code.tex)
(/usr/share/texmf/tex/generic/pgf/math/pgfmathfunctions.base.code.tex)
(/usr/share/texmf/tex/generic/pgf/math/pgfmathfunctions.round.code.tex)
(/usr/share/texmf/tex/generic/pgf/math/pgfmathfunctions.misc.code.tex)))
(/usr/share/texmf/tex/generic/pgf/math/pgfmathfloat.code.tex
\c@pgfmathroundto@lastzeros=\count99
))
(/usr/share/texmf/tex/generic/pgf/basiclayer/pgfcorepoints.code.tex
File: pgfcorepoints.code.tex 2010/04/09  (rcs-revision 1.20)
\pgf@picminx=\dimen116
\pgf@picmaxx=\dimen117
\pgf@picminy=\dimen118
\pgf@picmaxy=\dimen119
\pgf@pathminx=\dimen120
\pgf@pathmaxx=\dimen121
\pgf@pathminy=\dimen122
\pgf@pathmaxy=\dimen123
\pgf@xx=\dimen124
\pgf@xy=\dimen125
\pgf@yx=\dimen126
\pgf@yy=\dimen127
\pgf@zx=\dimen128
\pgf@zy=\dimen129
)
(/usr/share/texmf/tex/generic/pgf/basiclayer/pgfcorepathconstruct.code.tex
File: pgfcorepathconstruct.code.tex 2010/08/03  (rcs-revision 1.24)
\pgf@path@lastx=\dimen130
\pgf@path@lasty=\dimen131
)
(/usr/share/texmf/tex/generic/pgf/basiclayer/pgfcorepathusage.code.tex
File: pgfcorepathusage.code.tex 2008/04/22  (rcs-revision 1.12)
\pgf@shorten@end@additional=\dimen132
\pgf@shorten@start@additional=\dimen133
)
(/usr/share/texmf/tex/generic/pgf/basiclayer/pgfcorescopes.code.tex
File: pgfcorescopes.code.tex 2010/09/08  (rcs-revision 1.34)
\pgfpic=\box32
\pgf@hbox=\box33
\pgf@layerbox@main=\box34
\pgf@picture@serial@count=\count100
)
(/usr/share/texmf/tex/generic/pgf/basiclayer/pgfcoregraphicstate.code.tex
File: pgfcoregraphicstate.code.tex 2008/04/22  (rcs-revision 1.9)
\pgflinewidth=\dimen134
)
(/usr/share/texmf/tex/generic/pgf/basiclayer/pgfcoretransformations.code.tex
File: pgfcoretransformations.code.tex 2009/06/10  (rcs-revision 1.11)
\pgf@pt@x=\dimen135
\pgf@pt@y=\dimen136
\pgf@pt@temp=\dimen137
)
(/usr/share/texmf/tex/generic/pgf/basiclayer/pgfcorequick.code.tex
File: pgfcorequick.code.tex 2008/10/09  (rcs-revision 1.3)
)
(/usr/share/texmf/tex/generic/pgf/basiclayer/pgfcoreobjects.code.tex
File: pgfcoreobjects.code.tex 2006/10/11  (rcs-revision 1.2)
)
(/usr/share/texmf/tex/generic/pgf/basiclayer/pgfcorepathprocessing.code.tex
File: pgfcorepathprocessing.code.tex 2008/10/09  (rcs-revision 1.8)
)
(/usr/share/texmf/tex/generic/pgf/basiclayer/pgfcorearrows.code.tex
File: pgfcorearrows.code.tex 2008/04/23  (rcs-revision 1.11)
)
(/usr/share/texmf/tex/generic/pgf/basiclayer/pgfcoreshade.code.tex
File: pgfcoreshade.code.tex 2008/11/23  (rcs-revision 1.13)
\pgf@max=\dimen138
\pgf@sys@shading@range@num=\count101
)
(/usr/share/texmf/tex/generic/pgf/basiclayer/pgfcoreimage.code.tex
File: pgfcoreimage.code.tex 2010/03/25  (rcs-revision 1.16)

(/usr/share/texmf/tex/generic/pgf/basiclayer/pgfcoreexternal.code.tex
File: pgfcoreexternal.code.tex 2010/09/01  (rcs-revision 1.17)
\pgfexternal@startupbox=\box35
))
(/usr/share/texmf/tex/generic/pgf/basiclayer/pgfcorelayers.code.tex
File: pgfcorelayers.code.tex 2010/08/27  (rcs-revision 1.2)
)
(/usr/share/texmf/tex/generic/pgf/basiclayer/pgfcoretransparency.code.tex
File: pgfcoretransparency.code.tex 2008/01/17  (rcs-revision 1.2)
)
(/usr/share/texmf/tex/generic/pgf/basiclayer/pgfcorepatterns.code.tex
File: pgfcorepatterns.code.tex 2009/07/02  (rcs-revision 1.3)
)))
(/usr/share/texmf/tex/generic/pgf/modules/pgfmoduleshapes.code.tex
File: pgfmoduleshapes.code.tex 2010/09/09  (rcs-revision 1.13)
\pgfnodeparttextbox=\box36
)
(/usr/share/texmf/tex/generic/pgf/modules/pgfmoduleplot.code.tex
File: pgfmoduleplot.code.tex 2010/10/22  (rcs-revision 1.8)
)
(/usr/share/texmf/tex/latex/pgf/compatibility/pgfcomp-version-0-65.sty
Package: pgfcomp-version-0-65 2007/07/03 v2.10 (rcs-revision 1.7)
\pgf@nodesepstart=\dimen139
\pgf@nodesepend=\dimen140
)
(/usr/share/texmf/tex/latex/pgf/compatibility/pgfcomp-version-1-18.sty
Package: pgfcomp-version-1-18 2007/07/23 v2.10 (rcs-revision 1.1)
))
(/usr/share/texmf/tex/latex/pgf/utilities/pgffor.sty
(/usr/share/texmf/tex/latex/pgf/utilities/pgfkeys.sty
(/usr/share/texmf/tex/generic/pgf/utilities/pgfkeys.code.tex))
(/usr/share/texmf/tex/generic/pgf/utilities/pgffor.code.tex
Package: pgffor 2010/03/23 v2.10 (rcs-revision 1.18)
\pgffor@iter=\dimen141
\pgffor@skip=\dimen142
\pgffor@stack=\toks23
\pgffor@toks=\toks24
))
(/usr/share/texmf/tex/generic/pgf/frontendlayer/tikz/tikz.code.tex
Package: tikz 2010/10/13 v2.10 (rcs-revision 1.76)

(/usr/share/texmf/tex/generic/pgf/libraries/pgflibraryplothandlers.code.tex
File: pgflibraryplothandlers.code.tex 2010/05/31 v2.10 (rcs-revision 1.15)
\pgf@plot@mark@count=\count102
\pgfplotmarksize=\dimen143
)
\tikz@lastx=\dimen144
\tikz@lasty=\dimen145
\tikz@lastxsaved=\dimen146
\tikz@lastysaved=\dimen147
\tikzleveldistance=\dimen148
\tikzsiblingdistance=\dimen149
\tikz@figbox=\box37
\tikz@tempbox=\box38
\tikztreelevel=\count103
\tikznumberofchildren=\count104
\tikznumberofcurrentchild=\count105
\tikz@fig@count=\count106

(/usr/share/texmf/tex/generic/pgf/modules/pgfmodulematrix.code.tex
File: pgfmodulematrix.code.tex 2010/08/24  (rcs-revision 1.4)
\pgfmatrixcurrentrow=\count107
\pgfmatrixcurrentcolumn=\count108
\pgf@matrix@numberofcolumns=\count109
)
\tikz@expandcount=\count110

(/usr/share/texmf/tex/generic/pgf/frontendlayer/tikz/libraries/tikzlibrarytopat
hs.code.tex
File: tikzlibrarytopaths.code.tex 2008/06/17 v2.10 (rcs-revision 1.2)
))) (/usr/share/texmf-texlive/tex/latex/base/ifthen.sty
Package: ifthen 2001/05/26 v1.1c Standard LaTeX ifthen package (DPC)
)
(/usr/share/texmf-texlive/tex/latex/base/fontenc.sty
Package: fontenc 2005/09/27 v1.99g Standard LaTeX package

(/usr/share/texmf-texlive/tex/latex/base/t1enc.def
File: t1enc.def 2005/09/27 v1.99g Standard LaTeX file
LaTeX Font Info:    Redeclaring font encoding T1 on input line 43.
))
(/usr/share/texmf/tex/generic/pgf/frontendlayer/tikz/libraries/tikzlibrarydecor
ations.code.tex
(/usr/share/texmf/tex/generic/pgf/modules/pgfmoduledecorations.code.tex
\pgfdecoratedcompleteddistance=\dimen150
\pgfdecoratedremainingdistance=\dimen151
\pgfdecoratedinputsegmentcompleteddistance=\dimen152
\pgfdecoratedinputsegmentremainingdistance=\dimen153
\pgf@decorate@distancetomove=\dimen154
\pgf@decorate@repeatstate=\count111
\pgfdecorationsegmentamplitude=\dimen155
\pgfdecorationsegmentlength=\dimen156
)
\tikz@lib@dec@box=\box39
)
(/usr/share/texmf/tex/generic/pgf/frontendlayer/tikz/libraries/tikzlibraryfadin
gs.code.tex
File: tikzlibraryfadings.code.tex 2009/11/15 v2.10 (rcs-revision 1.2)

(/usr/share/texmf/tex/generic/pgf/libraries/pgflibraryfadings.code.tex
File: pgflibraryfadings.code.tex 2008/02/07 v2.10 (rcs-revision 1.3)
))
(/usr/share/texmf/tex/generic/pgf/frontendlayer/tikz/libraries/tikzlibrarysnake
s.code.tex
File: tikzlibrarysnakes.code.tex 2008/02/05 v2.10 (rcs-revision 1.6)


Package tikz Warning: Snakes have been superseded by decorations. Please use th
e decoration libraries instead of the snakes library on input line 14.


(/usr/share/texmf/tex/generic/pgf/frontendlayer/tikz/libraries/tikzlibrarydecor
ations.pathmorphing.code.tex
(/usr/share/texmf/tex/generic/pgf/libraries/decorations/pgflibrarydecorations.p
athmorphing.code.tex))
(/usr/share/texmf/tex/generic/pgf/frontendlayer/tikz/libraries/tikzlibrarydecor
ations.pathreplacing.code.tex
(/usr/share/texmf/tex/generic/pgf/libraries/decorations/pgflibrarydecorations.p
athreplacing.code.tex))
(/usr/share/texmf/tex/generic/pgf/frontendlayer/tikz/libraries/tikzlibrarydecor
ations.shapes.code.tex
(/usr/share/texmf/tex/generic/pgf/libraries/decorations/pgflibrarydecorations.s
hapes.code.tex)))
(/usr/share/texmf/tex/generic/pgf/frontendlayer/tikz/libraries/tikzlibrarycalc.
code.tex
File: tikzlibrarycalc.code.tex 2009/09/04 v2.10 (rcs-revision 1.6)
)
\baposter@movebody=\skip66
\baposter@basemarginright=\skip67
\baposter@basemarginleft=\skip68

Paperwidth=2392.87677pt
Paperheight=3383.03267pt
BasePaperwidth=662.80963pt
BasePaperheight=937.07568pt
(/usr/share/texmf-texlive/tex/latex/geometry/geometry.sty
Package: geometry 2008/12/21 v4.2 Page Geometry

(/usr/share/texmf-texlive/tex/generic/oberdiek/ifpdf.sty
Package: ifpdf 2009/04/10 v2.0 Provides the ifpdf switch (HO)
Package ifpdf Info: pdfTeX in pdf mode detected.
)
(/usr/share/texmf-texlive/tex/generic/oberdiek/ifvtex.sty
Package: ifvtex 2008/11/04 v1.4 Switches for detecting VTeX and its modes (HO)
Package ifvtex Info: VTeX not detected.
)
\Gm@cnth=\count112
\Gm@cntv=\count113
\c@Gm@tempcnt=\count114
\Gm@bindingoffset=\dimen157
\Gm@wd@mp=\dimen158
\Gm@odd@mp=\dimen159
\Gm@even@mp=\dimen160
\Gm@dimlist=\toks25

(/usr/share/texmf-texlive/tex/xelatex/xetexconfig/geometry.cfg))
(/usr/share/texmf/tex/latex/pgf/utilities/pgfpages.sty
Package: pgfpages 2004/11/05 ver 0.01
\pgf@logicalpages=\count115
\pgf@firstshipout=\count116
\pgf@lastshipout=\count117
\pgf@currentshipout=\count118
\pgf@cpn=\count119
\pgf@shipoutnextto=\count120
\pgfphysicalheight=\dimen161
\pgfphysicalwidth=\dimen162
\pgfpages@shipoutbox=\box40
)
\pgfpages@box@1=\box41
)
(/usr/share/texmf-texlive/tex/latex/amsmath/amsmath.sty
Package: amsmath 2000/07/18 v2.13 AMS math features
\@mathmargin=\skip69

For additional information on amsmath, use the `?' option.
(/usr/share/texmf-texlive/tex/latex/amsmath/amstext.sty
Package: amstext 2000/06/29 v2.01

(/usr/share/texmf-texlive/tex/latex/amsmath/amsgen.sty
File: amsgen.sty 1999/11/30 v2.0
\@emptytoks=\toks26
\ex@=\dimen163
))
(/usr/share/texmf-texlive/tex/latex/amsmath/amsbsy.sty
Package: amsbsy 1999/11/29 v1.2d
\pmbraise@=\dimen164
)
(/usr/share/texmf-texlive/tex/latex/amsmath/amsopn.sty
Package: amsopn 1999/12/14 v2.01 operator names
)
\inf@bad=\count121
LaTeX Info: Redefining \frac on input line 211.
\uproot@=\count122
\leftroot@=\count123
LaTeX Info: Redefining \overline on input line 307.
\classnum@=\count124
\DOTSCASE@=\count125
LaTeX Info: Redefining \ldots on input line 379.
LaTeX Info: Redefining \dots on input line 382.
LaTeX Info: Redefining \cdots on input line 467.
\Mathstrutbox@=\box42
\strutbox@=\box43
\big@size=\dimen165
LaTeX Font Info:    Redeclaring font encoding OML on input line 567.
LaTeX Font Info:    Redeclaring font encoding OMS on input line 568.
\macc@depth=\count126
\c@MaxMatrixCols=\count127
\dotsspace@=\muskip10
\c@parentequation=\count128
\dspbrk@lvl=\count129
\tag@help=\toks27
\row@=\count130
\column@=\count131
\maxfields@=\count132
\andhelp@=\toks28
\eqnshift@=\dimen166
\alignsep@=\dimen167
\tagshift@=\dimen168
\tagwidth@=\dimen169
\totwidth@=\dimen170
\lineht@=\dimen171
\@envbody=\toks29
\multlinegap=\skip70
\multlinetaggap=\skip71
\mathdisplay@stack=\toks30
LaTeX Info: Redefining \[ on input line 2666.
LaTeX Info: Redefining \] on input line 2667.
)
(/usr/share/texmf-texlive/tex/latex/amsfonts/amssymb.sty
Package: amssymb 2009/06/22 v3.00

(/usr/share/texmf-texlive/tex/latex/amsfonts/amsfonts.sty
Package: amsfonts 2009/06/22 v3.00 Basic AMSFonts support
\symAMSa=\mathgroup4
\symAMSb=\mathgroup5
LaTeX Font Info:    Overwriting math alphabet `\mathfrak' in version `bold'
(Font)                  U/euf/m/n --> U/euf/b/n on input line 96.
))
(/usr/share/texmf-texlive/tex/latex/ltxmisc/relsize.sty
Package: relsize 2003/07/04 ver 3.1
)
(/usr/share/texmf-texlive/tex/latex/multirow/multirow.sty
\bigstrutjot=\dimen172
)
(/usr/share/texmf-texlive/tex/latex/rotating/rotating.sty
Package: rotating 2009/03/28 v2.16a rotated objects in LaTeX
\c@r@tfl@t=\count133
\rotFPtop=\skip72
\rotFPbot=\skip73
\rot@float@box=\box44
\rot@mess@toks=\toks31
)
(/usr/share/texmf-texlive/tex/latex/tools/bm.sty
Package: bm 2004/02/26 v1.1c Bold Symbol Support (DPC/FMi)
\symboldoperators=\mathgroup6
\symboldletters=\mathgroup7
\symboldsymbols=\mathgroup8
LaTeX Font Info:    Redeclaring math alphabet \mathbf on input line 138.
LaTeX Info: Redefining \bm on input line 204.
)
(/usr/share/texmf-texlive/tex/latex/ltxmisc/url.sty
\Urlmuskip=\muskip11
Package: url 2006/04/12  ver 3.3  Verb mode for urls, etc.
)
(/usr/share/texmf-texlive/tex/latex/tools/multicol.sty
Package: multicol 2008/12/05 v1.6h multicolumn formatting (FMi)
\c@tracingmulticols=\count134
\mult@box=\box45
\multicol@leftmargin=\dimen173
\c@unbalance=\count135
\c@collectmore=\count136
\doublecol@number=\count137
\multicoltolerance=\count138
\multicolpretolerance=\count139
\full@width=\dimen174
\page@free=\dimen175
\premulticols=\dimen176
\postmulticols=\dimen177
\multicolsep=\skip74
\multicolbaselineskip=\skip75
\partial@page=\box46
\last@line=\box47
\mult@rightbox=\box48
\mult@grightbox=\box49
\mult@gfirstbox=\box50
\mult@firstbox=\box51
\@tempa=\box52
\@tempa=\box53
\@tempa=\box54
\@tempa=\box55
\@tempa=\box56
\@tempa=\box57
\@tempa=\box58
\@tempa=\box59
\@tempa=\box60
\@tempa=\box61
\@tempa=\box62
\@tempa=\box63
\@tempa=\box64
\@tempa=\box65
\@tempa=\box66
\@tempa=\box67
\@tempa=\box68
\c@columnbadness=\count140
\c@finalcolumnbadness=\count141
\last@try=\dimen178
\multicolovershoot=\dimen179
\multicolundershoot=\dimen180
\mult@nat@firstbox=\box69
\colbreak@box=\box70
)
(/usr/share/texmf-texlive/tex/latex/psnfss/palatino.sty
Package: palatino 2005/04/12 PSNFSS-v9.2a (SPQR) 
)

LaTeX Warning: Unused global option(s):
    [final].

No file poster_portrait.aux.
\openout1 = `poster_portrait.aux'.

LaTeX Font Info:    Checking defaults for OML/cmm/m/it on input line 65.
LaTeX Font Info:    ... okay on input line 65.
LaTeX Font Info:    Checking defaults for T1/cmr/m/n on input line 65.
LaTeX Font Info:    ... okay on input line 65.
LaTeX Font Info:    Checking defaults for OT1/cmr/m/n on input line 65.
LaTeX Font Info:    ... okay on input line 65.
LaTeX Font Info:    Checking defaults for OMS/cmsy/m/n on input line 65.
LaTeX Font Info:    ... okay on input line 65.
LaTeX Font Info:    Checking defaults for OMX/cmex/m/n on input line 65.
LaTeX Font Info:    ... okay on input line 65.
LaTeX Font Info:    Checking defaults for U/cmr/m/n on input line 65.
LaTeX Font Info:    ... okay on input line 65.
LaTeX Font Info:    Try loading font information for T1+ppl on input line 65.
(/usr/share/texmf-texlive/tex/latex/psnfss/t1ppl.fd
File: t1ppl.fd 2001/06/04 font definitions for T1/ppl.
)
(/usr/share/texmf-texlive/tex/context/base/supp-pdf.mkii
[Loading MPS to PDF converter (version 2006.09.02).]
\scratchcounter=\count142
\scratchdimen=\dimen181
\scratchbox=\box71
\nofMPsegments=\count143
\nofMParguments=\count144
\everyMPshowfont=\toks32
\MPscratchCnt=\count145
\MPscratchDim=\dimen182
\MPnumerator=\count146
\everyMPtoPDFconversion=\toks33
) ABD: EveryShipout initializing macros
*geometry auto-detecting driver*
*geometry detected driver: pdftex*
-------------------- Geometry parameters
paper: user defined
landscape: --
twocolumn: --
twoside: --
asymmetric: --
h-parts: 11.82181pt, 639.16602pt, 11.82181pt
v-parts: 11.82181pt, 913.43207pt, 11.82181pt
hmarginratio: --
vmarginratio: --
lines: --
heightrounded: --
bindingoffset: 0.0pt
truedimen: --
includehead: --
includefoot: --
includemp: --
driver: pdftex
-------------------- Page layout dimensions and switches
\paperwidth  662.80963pt
\paperheight 937.07568pt
\textwidth  639.16602pt
\textheight 913.43207pt
\oddsidemargin  -60.44818pt
\evensidemargin -60.44818pt
\topmargin  -97.44818pt
\headheight 12.0pt
\headsep    25.0pt
\footskip   30.0pt
\marginparwidth 65.0pt
\marginparsep   11.0pt
\columnsep  14.99634pt
\skip\footins  9.0pt plus 4.0pt minus 2.0pt
\hoffset 0.0pt
\voffset 0.0pt
\mag 1000

(1in=72.27pt, 1cm=28.45pt)
-----------------------
\FSZ=\skip76
<images/graph_occluded.pdf, id=20, 174.41159pt x 115.633pt>
File: images/graph_occluded.pdf Graphic file (type pdf)

<use images/graph_occluded.pdf>
<images/logo.pdf, id=21, 597.23125pt x 845.1575pt>
File: images/logo.pdf Graphic file (type pdf)
 <use images/logo.pdf>
LaTeX Font Info:    Font shape `T1/ppl/bx/n' in size <10> not available
(Font)              Font shape `T1/ppl/b/n' tried instead on input line 147.
LaTeX Font Info:    Font shape `T1/ppl/bx/n' in size <24.88> not available
(Font)              Font shape `T1/ppl/b/n' tried instead on input line 147.
LaTeX Font Info:    Font shape `T1/ppl/bx/sc' in size <24.88> not available
(Font)              Font shape `T1/ppl/b/sc' tried instead on input line 147.
LaTeX Font Info:    Try loading font information for U+msa on input line 147.

(/usr/share/texmf-texlive/tex/latex/amsfonts/umsa.fd
File: umsa.fd 2009/06/22 v3.00 AMS symbols A
)
LaTeX Font Info:    Try loading font information for U+msb on input line 147.

(/usr/share/texmf-texlive/tex/latex/amsfonts/umsb.fd
File: umsb.fd 2009/06/22 v3.00 AMS symbols B
)
Underfull \hbox (badness 1590) in paragraph at lines 179--179
[]\T1/ppl/m/n/10 Tracks of fea-tures through scenes are
 []


Underfull \hbox (badness 3343) in paragraph at lines 179--179
[]\T1/ppl/m/n/10 Speed: In-ter-ac-tive edit-ing re-quires
 []

Missing character: There is no ; in font nullfont!
Missing character: There is no ; in font nullfont!
LaTeX Font Info:    Font shape `T1/ppl/bx/n' in size <14.4> not available
(Font)              Font shape `T1/ppl/b/n' tried instead on input line 179.
LaTeX Font Info:    Font shape `T1/ppl/bx/sc' in size <14.4> not available
(Font)              Font shape `T1/ppl/b/sc' tried instead on input line 179.
Missing character: There is no ; in font nullfont!

LaTeX Warning: Citation `awf:tracking' on page 1 undefined on input line 196.


Underfull \hbox (badness 10000) in paragraph at lines 196--196
[]\T1/ppl/m/n/10 Efficient in-cor-po-ra-tion of a back-
 []

Missing character: There is no ; in font nullfont!
Missing character: There is no ; in font nullfont!
Missing character: There is no ; in font nullfont!
<images/red-4-sec_000_rastered.png, id=23, 803.0pt x 702.625pt>
File: images/red-4-sec_000_rastered.png Graphic file (type png)

<use images/red-4-sec_000_rastered.png>
<images/red-4-sec_024_rastered.png, id=25, 803.0pt x 702.625pt>
File: images/red-4-sec_024_rastered.png Graphic file (type png)

<use images/red-4-sec_024_rastered.png>
<images/red-4-sec_048_rastered.png, id=26, 803.0pt x 702.625pt>
File: images/red-4-sec_048_rastered.png Graphic file (type png)

<use images/red-4-sec_048_rastered.png>
<images/red-4-sec_072_rastered.png, id=27, 803.0pt x 702.625pt>
File: images/red-4-sec_072_rastered.png Graphic file (type png)

<use images/red-4-sec_072_rastered.png>
<images/red-4-sec_095_rastered.png, id=28, 803.0pt x 702.625pt>
File: images/red-4-sec_095_rastered.png Graphic file (type png)

<use images/red-4-sec_095_rastered.png>
Underfull \hbox (badness 10000) in alignment at lines 235--235
[][][][][]
 []

<images/giraffe-run-000-rastered.png, id=29, 803.0pt x 481.8pt>
File: images/giraffe-run-000-rastered.png Graphic file (type png)

<use images/giraffe-run-000-rastered.png>
<images/giraffe-run-100-rastered.png, id=30, 803.0pt x 481.8pt>
File: images/giraffe-run-100-rastered.png Graphic file (type png)

<use images/giraffe-run-100-rastered.png>
<images/giraffe-run-200-rastered.png, id=31, 803.0pt x 481.8pt>
File: images/giraffe-run-200-rastered.png Graphic file (type png)

<use images/giraffe-run-200-rastered.png>
<images/giraffe-run-300-rastered.png, id=32, 803.0pt x 481.8pt>
File: images/giraffe-run-300-rastered.png Graphic file (type png)

<use images/giraffe-run-300-rastered.png>
<images/giraffe-run-458-rastered.png, id=33, 803.0pt x 481.8pt>
File: images/giraffe-run-458-rastered.png Graphic file (type png)

<use images/giraffe-run-458-rastered.png>
Underfull \hbox (badness 10000) in alignment at lines 235--235
[][][][][]
 []


Underfull \hbox (badness 6775) in paragraph at lines 235--235
\T1/ppl/m/n/10 eight user in-ter-ac-tions, of which three
 []

Missing character: There is no ; in font nullfont!
Missing character: There is no ; in font nullfont!
Missing character: There is no ; in font nullfont!
Missing character: There is no ; in font nullfont!
Missing character: There is no ; in font nullfont!
Missing character: There is no ; in font nullfont!
<images/candidates_lips_ridge_left_bg.png, id=34, 1083.04625pt x 868.24374pt>
File: images/candidates_lips_ridge_left_bg.png Graphic file (type png)

<use images/candidates_lips_ridge_left_bg.png>
<images/candidates_lips_ridge_left_no_bg.png, id=35, 1083.04625pt x 868.24374pt
>
File: images/candidates_lips_ridge_left_no_bg.png Graphic file (type png)
 <use images/candidates_lips_ridge_left_no_bg.png>
Underfull \hbox (badness 10000) in paragraph at lines 280--280
[]
 []


Underfull \hbox (badness 2512) in paragraph at lines 280--280
[]\T1/ppl/m/n/10 We in-cor-po-rate a back-ground model,
 []

Missing character: There is no ; in font nullfont!
Missing character: There is no ; in font nullfont!
Missing character: There is no ; in font nullfont!
<images/basis-giraffe-example-frame.png, id=36, 481.8pt x 361.35pt>
File: images/basis-giraffe-example-frame.png Graphic file (type png)

<use images/basis-giraffe-example-frame.png>
Underfull \hbox (badness 10000) in paragraph at lines 338--338

 []

<images/basis-giraffe-basis-01.png, id=37, 19.07124pt x 19.07124pt>
File: images/basis-giraffe-basis-01.png Graphic file (type png)

<use images/basis-giraffe-basis-01.png>
<images/basis-giraffe-basis-02.png, id=38, 19.07124pt x 19.07124pt>
File: images/basis-giraffe-basis-02.png Graphic file (type png)

<use images/basis-giraffe-basis-02.png>
<images/basis-giraffe-basis-03.png, id=39, 19.07124pt x 19.07124pt>
File: images/basis-giraffe-basis-03.png Graphic file (type png)

<use images/basis-giraffe-basis-03.png>
<images/basis-giraffe-basis-04.png, id=40, 19.07124pt x 19.07124pt>
File: images/basis-giraffe-basis-04.png Graphic file (type png)

<use images/basis-giraffe-basis-04.png>
<images/basis-giraffe-basis-05.png, id=41, 19.07124pt x 19.07124pt>
File: images/basis-giraffe-basis-05.png Graphic file (type png)

<use images/basis-giraffe-basis-05.png>
<images/basis-giraffe-basis-06.png, id=42, 19.07124pt x 19.07124pt>
File: images/basis-giraffe-basis-06.png Graphic file (type png)

<use images/basis-giraffe-basis-06.png>
<images/basis-giraffe-basis-07.png, id=43, 19.07124pt x 19.07124pt>
File: images/basis-giraffe-basis-07.png Graphic file (type png)

<use images/basis-giraffe-basis-07.png>
<images/basis-giraffe-basis-08.png, id=44, 19.07124pt x 19.07124pt>
File: images/basis-giraffe-basis-08.png Graphic file (type png)

<use images/basis-giraffe-basis-08.png>
<images/basis-giraffe-basis-09.png, id=45, 19.07124pt x 19.07124pt>
File: images/basis-giraffe-basis-09.png Graphic file (type png)

<use images/basis-giraffe-basis-09.png>
<images/basis-giraffe-basis-10.png, id=46, 19.07124pt x 19.07124pt>
File: images/basis-giraffe-basis-10.png Graphic file (type png)

<use images/basis-giraffe-basis-10.png>
<images/basis-giraffe-basis-11.png, id=47, 19.07124pt x 19.07124pt>
File: images/basis-giraffe-basis-11.png Graphic file (type png)

<use images/basis-giraffe-basis-11.png>
<images/basis-giraffe-basis-12.png, id=48, 19.07124pt x 19.07124pt>
File: images/basis-giraffe-basis-12.png Graphic file (type png)

<use images/basis-giraffe-basis-12.png>
<images/basis-giraffe-basis-13.png, id=49, 19.07124pt x 19.07124pt>
File: images/basis-giraffe-basis-13.png Graphic file (type png)

<use images/basis-giraffe-basis-13.png>
<images/basis-giraffe-basis-14.png, id=50, 19.07124pt x 19.07124pt>
File: images/basis-giraffe-basis-14.png Graphic file (type png)

<use images/basis-giraffe-basis-14.png>
<images/basis-giraffe-basis-15.png, id=51, 19.07124pt x 19.07124pt>
File: images/basis-giraffe-basis-15.png Graphic file (type png)

<use images/basis-giraffe-basis-15.png>
<images/basis-giraffe-basis-16.png, id=52, 19.07124pt x 19.07124pt>
File: images/basis-giraffe-basis-16.png Graphic file (type png)

<use images/basis-giraffe-basis-16.png>
Underfull \hbox (badness 10000) in paragraph at lines 338--338

 []

<images/basis-giraffe-response-01.png, id=53, 481.8pt x 361.35pt>
File: images/basis-giraffe-response-01.png Graphic file (type png)

<use images/basis-giraffe-response-01.png>
<images/basis-giraffe-response-02.png, id=54, 481.8pt x 361.35pt>
File: images/basis-giraffe-response-02.png Graphic file (type png)

<use images/basis-giraffe-response-02.png>
<images/basis-giraffe-response-03.png, id=55, 481.8pt x 361.35pt>
File: images/basis-giraffe-response-03.png Graphic file (type png)

<use images/basis-giraffe-response-03.png>
<images/basis-giraffe-response-04.png, id=56, 481.8pt x 361.35pt>
File: images/basis-giraffe-response-04.png Graphic file (type png)

<use images/basis-giraffe-response-04.png>
<images/basis-giraffe-response-05.png, id=57, 481.8pt x 361.35pt>
File: images/basis-giraffe-response-05.png Graphic file (type png)

<use images/basis-giraffe-response-05.png>
<images/basis-giraffe-response-06.png, id=58, 481.8pt x 361.35pt>
File: images/basis-giraffe-response-06.png Graphic file (type png)

<use images/basis-giraffe-response-06.png>
<images/basis-giraffe-response-07.png, id=59, 481.8pt x 361.35pt>
File: images/basis-giraffe-response-07.png Graphic file (type png)

<use images/basis-giraffe-response-07.png>
<images/basis-giraffe-response-08.png, id=60, 481.8pt x 361.35pt>
File: images/basis-giraffe-response-08.png Graphic file (type png)

<use images/basis-giraffe-response-08.png>
<images/basis-giraffe-response-09.png, id=61, 481.8pt x 361.35pt>
File: images/basis-giraffe-response-09.png Graphic file (type png)

<use images/basis-giraffe-response-09.png>
<images/basis-giraffe-response-10.png, id=62, 481.8pt x 361.35pt>
File: images/basis-giraffe-response-10.png Graphic file (type png)

<use images/basis-giraffe-response-10.png>
<images/basis-giraffe-response-11.png, id=63, 481.8pt x 361.35pt>
File: images/basis-giraffe-response-11.png Graphic file (type png)

<use images/basis-giraffe-response-11.png>
<images/basis-giraffe-response-12.png, id=64, 481.8pt x 361.35pt>
File: images/basis-giraffe-response-12.png Graphic file (type png)

<use images/basis-giraffe-response-12.png>
<images/basis-giraffe-response-13.png, id=65, 481.8pt x 361.35pt>
File: images/basis-giraffe-response-13.png Graphic file (type png)

<use images/basis-giraffe-response-13.png>
<images/basis-giraffe-response-14.png, id=66, 481.8pt x 361.35pt>
File: images/basis-giraffe-response-14.png Graphic file (type png)

<use images/basis-giraffe-response-14.png>
<images/basis-giraffe-response-15.png, id=67, 481.8pt x 361.35pt>
File: images/basis-giraffe-response-15.png Graphic file (type png)

<use images/basis-giraffe-response-15.png>
<images/basis-giraffe-response-16.png, id=68, 481.8pt x 361.35pt>
File: images/basis-giraffe-response-16.png Graphic file (type png)

<use images/basis-giraffe-response-16.png>
Underfull \hbox (badness 10000) in paragraph at lines 338--338
[][]
 []


Underfull \hbox (badness 10000) in paragraph at lines 338--338

 []


LaTeX Warning: Citation `awf:tracking' on page 1 undefined on input line 338.

Missing character: There is no ; in font nullfont!
Missing character: There is no ; in font nullfont!
Missing character: There is no ; in font nullfont!

Underfull \hbox (badness 10000) in paragraph at lines 352--352

 []

<images/chart.png, id=69, 100.375pt x 100.375pt>
File: images/chart.png Graphic file (type png)
 <use images/chart.png>
LaTeX Font Info:    Try loading font information for T1+pcr on input line 352.

(/usr/share/texmf-texlive/tex/latex/psnfss/t1pcr.fd
File: t1pcr.fd 2001/06/04 font definitions for T1/pcr.
)
Underfull \hbox (badness 10000) in paragraph at lines 352--352
\T1/pcr/m/n/10 http : / / www . cs . unibas . ch /
 []

Missing character: There is no ; in font nullfont!
Missing character: There is no ; in font nullfont!
Missing character: There is no ; in font nullfont!
Missing character: There is no ; in font nullfont!
Missing character: There is no ; in font nullfont!
Missing character: There is no ; in font nullfont!
File: images/graph_occluded.pdf Graphic file (type pdf)
<use images/graph_occluded.pdf>
Underfull \hbox (badness 2197) in paragraph at lines 378--378
[]\T1/ppl/m/n/10 The cost is in-ter-preted as a di-rected
 []


Underfull \hbox (badness 4084) in paragraph at lines 378--378
\T1/ppl/m/n/10 and edges. The nodes en-code can-di-
 []

Missing character: There is no ; in font nullfont!
Missing character: There is no ; in font nullfont!
Missing character: There is no ; in font nullfont!
[2

{/var/lib/texmf/fonts/map/pdftex/updmap/pdftex.map} <./images/graph_occluded.pd
f> <./images/logo.pdf> <./images/red-4-sec_000_rastered.png> <./images/red-4-se
c_024_rastered.png> <./images/red-4-sec_048_rastered.png> <./images/red-4-sec_0
72_rastered.png> <./images/red-4-sec_095_rastered.png> <./images/giraffe-run-00
0-rastered.png> <./images/giraffe-run-100-rastered.png> <./images/giraffe-run-2
00-rastered.png> <./images/giraffe-run-300-rastered.png> <./images/giraffe-run-
458-rastered.png> <./images/candidates_lips_ridge_left_bg.png (PNG copy)> <./im
ages/candidates_lips_ridge_left_no_bg.png (PNG copy)> <./images/basis-giraffe-e
xample-frame.png (PNG copy)> <./images/basis-giraffe-basis-01.png (PNG copy)> <
./images/basis-giraffe-basis-02.png (PNG copy)> <./images/basis-giraffe-basis-0
3.png (PNG copy)> <./images/basis-giraffe-basis-04.png (PNG copy)> <./images/ba
sis-giraffe-basis-05.png (PNG copy)> <./images/basis-giraffe-basis-06.png (PNG 
copy)> <./images/basis-giraffe-basis-07.png (PNG copy)> <./images/basis-giraffe
-basis-08.png (PNG copy)> <./images/basis-giraffe-basis-09.png (PNG copy)> <./i
mages/basis-giraffe-basis-10.png (PNG copy)> <./images/basis-giraffe-basis-11.p
ng (PNG copy)> <./images/basis-giraffe-basis-12.png (PNG copy)> <./images/basis
-giraffe-basis-13.png (PNG copy)> <./images/basis-giraffe-basis-14.png (PNG cop
y)> <./images/basis-giraffe-basis-15.png (PNG copy)> <./images/basis-giraffe-ba
sis-16.png (PNG copy)> <./images/basis-giraffe-response-01.png (PNG copy)> <./i
mages/basis-giraffe-response-02.png (PNG copy)> <./images/basis-giraffe-respons
e-03.png (PNG copy)> <./images/basis-giraffe-response-04.png (PNG copy)> <./ima
ges/basis-giraffe-response-05.png (PNG copy)> <./images/basis-giraffe-response-
06.png (PNG copy)> <./images/basis-giraffe-response-07.png (PNG copy)> <./image
s/basis-giraffe-response-08.png (PNG copy)> <./images/basis-giraffe-response-09
.png (PNG copy)> <./images/basis-giraffe-response-10.png (PNG copy)> <./images/
basis-giraffe-response-11.png (PNG copy)> <./images/basis-giraffe-response-12.p
ng (PNG copy)> <./images/basis-giraffe-response-13.png (PNG copy)> <./images/ba
sis-giraffe-response-14.png (PNG copy)> <./images/basis-giraffe-response-15.png
 (PNG copy)> <./images/basis-giraffe-response-16.png (PNG copy)> <./images/char
t.png (PNG copy)>] (./poster_portrait.aux)

LaTeX Warning: There were undefined references.


LaTeX Warning: Label(s) may have changed. Rerun to get cross-references right.

 ) 
Here is how much of TeX's memory you used:
 13716 strings out of 493848
 268644 string characters out of 1152823
 533004 words of memory out of 3000000
 16634 multiletter control sequences out of 15000+50000
 28988 words of font info for 57 fonts, out of 3000000 for 9000
 716 hyphenation exceptions out of 8191
 63i,23n,70p,426b,1348s stack positions out of 5000i,500n,10000p,200000b,50000s
{/usr/share/texmf-texlive/fonts/enc/dvips/base/8r.enc}</usr/share/texmf-texli
ve/fonts/type1/public/amsfonts/cm/cmr10.pfb></usr/share/texmf-texlive/fonts/typ
e1/urw/courier/ucrr8a.pfb></usr/share/texmf-texlive/fonts/type1/urw/palatino/up
lb8a.pfb></usr/share/texmf-texlive/fonts/type1/urw/palatino/uplr8a.pfb></usr/sh
are/texmf-texlive/fonts/type1/urw/palatino/uplri8a.pfb></usr/share/texmf-texliv
e/fonts/type1/urw/times/utmr8a.pfb>
Output written on poster_portrait.pdf (1 page, 10150749 bytes).
PDF statistics:
 120 PDF objects out of 1000 (max. 8388607)
 0 named destinations out of 1000 (max. 500000)
 355 words of extra memory for PDF output out of 10000 (max. 10000000)

